2025-09-14 10:18:57,422 INFO s.s.S.SPDFApplication [main] Additional features in jar
2025-09-14 10:18:57,439 INFO s.s.c.c.ConfigInitializer [main] Current settings file line count: 198
2025-09-14 10:18:57,822 INFO s.s.c.c.ConfigInitializer [main] Settings file updated based on template changes.
2025-09-14 10:18:57,823 INFO s.s.S.SPDFApplication [main] Settings file: ./configs/settings.yml
2025-09-14 10:18:57,825 INFO s.s.S.SPDFApplication [main] Custom settings file: ./configs/custom_settings.yml
2025-09-14 10:18:58,211 INFO s.s.S.SPDFApplication [main] Starting SPDFApplication v1.3.2 using Java 21.0.8 with PID 38 (/app-security.jar started by stirlingpdfuser in /)
2025-09-14 10:18:58,212 INFO s.s.S.SPDFApplication [main] The following 1 profile is active: "security"
2025-09-14 10:19:01,026 INFO s.s.p.s.c.DatabaseConfig [main] Using default H2 database
2025-09-14 10:19:03,519 INFO s.s.p.s.s.KeyPersistenceService [main] Source directory does not exist: configs/db/keys
2025-09-14 10:19:04,489 INFO s.s.S.c.EndpointConfiguration [main] Disabled functional groups: enterprise
2025-09-14 10:19:04,489 INFO s.s.S.c.EndpointConfiguration [main] Total disabled endpoints: 1. Disabled endpoints: url-to-pdf
2025-09-14 10:19:04,653 INFO s.s.p.s.s.DatabaseService [main] Source directory does not exist: configs/db/backup
2025-09-14 10:19:04,759 INFO s.s.c.c.TempFileConfiguration [main] Created temporary directory: /tmp/stirling-pdf/stirling-pdf
2025-09-14 10:19:05,371 INFO s.s.c.u.FileMonitor [main] Monitoring directory: ./pipeline/watchedFolders
2025-09-14 10:19:05,682 INFO s.s.c.s.TempFileCleanupService [main] Created LibreOffice temp directory: /tmp/stirling-pdf/stirling-pdf/libreoffice
2025-09-14 10:19:05,682 INFO s.s.c.s.TempFileCleanupService [main] Running in Docker mode, using aggressive cleanup strategy
2025-09-14 10:19:05,685 INFO s.s.c.s.TempFileCleanupService [main] Startup cleanup complete. Deleted 0 temporary files/directories
2025-09-14 10:19:07,033 INFO s.s.c.s.JobQueue [main] Starting JobQueue lifecycle
2025-09-14 10:19:07,079 INFO s.s.S.SPDFApplication [main] Started SPDFApplication in 9.252 seconds (process running for 10.373)
2025-09-14 10:19:07,082 WARN s.s.c.u.FileMonitor [scheduling-1] not monitoring any directory, even the root directory itself: ./pipeline/watchedFolders
2025-09-14 10:19:07,086 INFO s.s.c.u.FileMonitor [scheduling-1] Registered directory: ./pipeline/watchedFolders
2025-09-14 10:19:07,093 INFO s.s.S.SPDFApplication [main] Stirling-PDF Started.
2025-09-14 10:19:07,094 INFO s.s.S.SPDFApplication [main] Navigate to http://localhost:8080/
2025-09-14 10:19:07,101 INFO s.s.c.s.TempFileCleanupService [scheduling-1] Running scheduled temporary file cleanup
2025-09-14 10:19:07,102 INFO s.s.c.u.TempFileManager [scheduling-1] Cleaned up 0 old temporary files
2025-09-14 10:19:07,102 INFO s.s.c.s.TempFileCleanupService [scheduling-1] Cleaned up 0 registered temporary files
2025-09-14 10:51:34,042 INFO s.s.c.s.TempFileCleanupService [scheduling-1] Running scheduled temporary file cleanup
2025-09-14 10:51:34,043 INFO s.s.c.u.TempFileManager [scheduling-1] Cleaned up 0 old temporary files
2025-09-14 10:51:34,043 INFO s.s.c.s.TempFileCleanupService [scheduling-1] Cleaned up 0 registered temporary files
2025-09-14 11:24:28,852 INFO s.s.c.s.TempFileCleanupService [scheduling-1] Running scheduled temporary file cleanup
2025-09-14 11:24:28,853 INFO s.s.c.u.TempFileManager [scheduling-1] Cleaned up 0 old temporary files
2025-09-14 11:24:28,853 INFO s.s.c.s.TempFileCleanupService [scheduling-1] Cleaned up 0 registered temporary files
2025-09-14 11:57:26,595 INFO s.s.c.s.TempFileCleanupService [scheduling-1] Running scheduled temporary file cleanup
2025-09-14 11:57:26,597 INFO s.s.c.u.TempFileManager [scheduling-1] Cleaned up 0 old temporary files
2025-09-14 11:57:26,597 INFO s.s.c.s.TempFileCleanupService [scheduling-1] Cleaned up 0 registered temporary files
2025-09-14 12:18:14,495 INFO s.s.S.SPDFApplication [main] Additional features in jar
2025-09-14 12:18:14,501 INFO s.s.c.c.ConfigInitializer [main] Current settings file line count: 198
2025-09-14 12:18:14,984 INFO s.s.c.c.ConfigInitializer [main] Settings file updated based on template changes.
2025-09-14 12:18:14,985 INFO s.s.S.SPDFApplication [main] Settings file: ./configs/settings.yml
2025-09-14 12:18:14,986 INFO s.s.S.SPDFApplication [main] Custom settings file: ./configs/custom_settings.yml
2025-09-14 12:18:15,431 INFO s.s.S.SPDFApplication [main] Starting SPDFApplication v1.3.2 using Java 21.0.8 with PID 24 (/app-security.jar started by stirlingpdfuser in /)
2025-09-14 12:18:15,432 INFO s.s.S.SPDFApplication [main] The following 1 profile is active: "security"
2025-09-14 12:18:18,702 INFO s.s.p.s.c.DatabaseConfig [main] Using default H2 database
2025-09-14 12:18:21,944 INFO s.s.p.s.s.KeyPersistenceService [main] Source directory does not exist: configs/db/keys
2025-09-14 12:18:22,801 INFO s.s.S.c.EndpointConfiguration [main] Disabled functional groups: enterprise
2025-09-14 12:18:22,801 INFO s.s.S.c.EndpointConfiguration [main] Total disabled endpoints: 1. Disabled endpoints: url-to-pdf
2025-09-14 12:18:23,010 INFO s.s.p.s.s.DatabaseService [main] Source directory does not exist: configs/db/backup
2025-09-14 12:18:23,673 INFO s.s.c.u.FileMonitor [main] Monitoring directory: ./pipeline/watchedFolders
2025-09-14 12:18:23,954 INFO s.s.c.s.TempFileCleanupService [main] Running in Docker mode, using aggressive cleanup strategy
2025-09-14 12:18:23,957 INFO s.s.c.s.TempFileCleanupService [main] Startup cleanup complete. Deleted 0 temporary files/directories
2025-09-14 12:18:28,204 INFO s.s.c.s.JobQueue [main] Starting JobQueue lifecycle
2025-09-14 12:18:28,233 INFO s.s.S.SPDFApplication [main] Started SPDFApplication in 13.245 seconds (process running for 11.668)
2025-09-14 12:18:28,235 WARN s.s.c.u.FileMonitor [scheduling-1] not monitoring any directory, even the root directory itself: ./pipeline/watchedFolders
2025-09-14 12:18:28,239 INFO s.s.c.u.FileMonitor [scheduling-1] Registered directory: ./pipeline/watchedFolders
2025-09-14 12:18:28,244 INFO s.s.S.SPDFApplication [main] Stirling-PDF Started.
2025-09-14 12:18:28,244 INFO s.s.S.SPDFApplication [main] Navigate to http://localhost:8080/
2025-09-14 12:18:28,250 INFO s.s.c.s.TempFileCleanupService [scheduling-1] Running scheduled temporary file cleanup
2025-09-14 12:18:28,251 INFO s.s.c.u.TempFileManager [scheduling-1] Cleaned up 0 old temporary files
2025-09-14 12:18:28,251 INFO s.s.c.s.TempFileCleanupService [scheduling-1] Cleaned up 0 registered temporary files
2025-09-14 12:19:14,302 INFO s.s.S.SPDFApplication [main] Additional features in jar
2025-09-14 12:19:14,308 INFO s.s.c.c.ConfigInitializer [main] Current settings file line count: 198
2025-09-14 12:19:14,696 INFO s.s.c.c.ConfigInitializer [main] Settings file updated based on template changes.
2025-09-14 12:19:14,698 INFO s.s.S.SPDFApplication [main] Settings file: ./configs/settings.yml
2025-09-14 12:19:14,699 INFO s.s.S.SPDFApplication [main] Custom settings file: ./configs/custom_settings.yml
2025-09-14 12:19:15,080 INFO s.s.S.SPDFApplication [main] Starting SPDFApplication v1.3.2 using Java 21.0.8 with PID 24 (/app-security.jar started by stirlingpdfuser in /)
2025-09-14 12:19:15,083 INFO s.s.S.SPDFApplication [main] The following 1 profile is active: "security"
2025-09-14 12:19:17,844 INFO s.s.p.s.c.DatabaseConfig [main] Using default H2 database
2025-09-14 12:19:20,342 INFO s.s.p.s.s.KeyPersistenceService [main] Source directory does not exist: configs/db/keys
2025-09-14 12:19:20,759 INFO s.s.S.c.EndpointConfiguration [main] Disabled functional groups: enterprise
2025-09-14 12:19:20,759 INFO s.s.S.c.EndpointConfiguration [main] Total disabled endpoints: 1. Disabled endpoints: url-to-pdf
2025-09-14 12:19:20,950 INFO s.s.p.s.s.DatabaseService [main] Source directory does not exist: configs/db/backup
2025-09-14 12:19:21,588 INFO s.s.c.u.FileMonitor [main] Monitoring directory: ./pipeline/watchedFolders
2025-09-14 12:19:21,899 INFO s.s.c.s.TempFileCleanupService [main] Running in Docker mode, using aggressive cleanup strategy
2025-09-14 12:19:21,903 INFO s.s.c.s.TempFileCleanupService [main] Startup cleanup complete. Deleted 0 temporary files/directories
2025-09-14 12:19:23,173 INFO s.s.c.s.JobQueue [main] Starting JobQueue lifecycle
2025-09-14 12:19:23,200 INFO s.s.S.SPDFApplication [main] Started SPDFApplication in 8.499 seconds (process running for 9.456)
2025-09-14 12:19:23,200 WARN s.s.c.u.FileMonitor [scheduling-1] not monitoring any directory, even the root directory itself: ./pipeline/watchedFolders
2025-09-14 12:19:23,204 INFO s.s.c.u.FileMonitor [scheduling-1] Registered directory: ./pipeline/watchedFolders
2025-09-14 12:19:23,210 INFO s.s.S.SPDFApplication [main] Stirling-PDF Started.
2025-09-14 12:19:23,210 INFO s.s.S.SPDFApplication [main] Navigate to http://localhost:8080/
2025-09-14 12:19:23,215 INFO s.s.c.s.TempFileCleanupService [scheduling-1] Running scheduled temporary file cleanup
2025-09-14 12:19:23,216 INFO s.s.c.u.TempFileManager [scheduling-1] Cleaned up 0 old temporary files
2025-09-14 12:19:23,216 INFO s.s.c.s.TempFileCleanupService [scheduling-1] Cleaned up 0 registered temporary files
2025-09-14 12:27:29,952 INFO s.s.S.SPDFApplication [main] Additional features in jar
2025-09-14 12:27:29,957 INFO s.s.c.c.ConfigInitializer [main] Current settings file line count: 198
2025-09-14 12:27:30,300 INFO s.s.c.c.ConfigInitializer [main] Settings file updated based on template changes.
2025-09-14 12:27:30,301 INFO s.s.S.SPDFApplication [main] Settings file: ./configs/settings.yml
2025-09-14 12:27:30,302 INFO s.s.S.SPDFApplication [main] Custom settings file: ./configs/custom_settings.yml
2025-09-14 12:27:30,666 INFO s.s.S.SPDFApplication [main] Starting SPDFApplication v1.3.2 using Java 21.0.8 with PID 38 (/app-security.jar started by stirlingpdfuser in /)
2025-09-14 12:27:30,667 INFO s.s.S.SPDFApplication [main] The following 1 profile is active: "security"
2025-09-14 12:27:33,328 INFO s.s.p.s.c.DatabaseConfig [main] Using default H2 database
2025-09-14 12:27:35,957 INFO s.s.p.s.s.KeyPersistenceService [main] Source directory does not exist: configs/db/keys
2025-09-14 12:27:36,391 INFO s.s.S.c.EndpointConfiguration [main] Disabled functional groups: enterprise
2025-09-14 12:27:36,391 INFO s.s.S.c.EndpointConfiguration [main] Total disabled endpoints: 1. Disabled endpoints: url-to-pdf
2025-09-14 12:27:36,554 INFO s.s.p.s.s.DatabaseService [main] Source directory does not exist: configs/db/backup
2025-09-14 12:27:36,687 INFO s.s.c.c.TempFileConfiguration [main] Created temporary directory: /tmp/stirling-pdf/stirling-pdf
2025-09-14 12:27:37,255 INFO s.s.c.u.FileMonitor [main] Monitoring directory: ./pipeline/watchedFolders
2025-09-14 12:27:37,594 INFO s.s.c.s.TempFileCleanupService [main] Created LibreOffice temp directory: /tmp/stirling-pdf/stirling-pdf/libreoffice
2025-09-14 12:27:37,595 INFO s.s.c.s.TempFileCleanupService [main] Running in Docker mode, using aggressive cleanup strategy
2025-09-14 12:27:37,597 INFO s.s.c.s.TempFileCleanupService [main] Startup cleanup complete. Deleted 0 temporary files/directories
2025-09-14 12:27:39,023 INFO s.s.c.s.JobQueue [main] Starting JobQueue lifecycle
2025-09-14 12:27:39,051 INFO s.s.S.SPDFApplication [main] Started SPDFApplication in 8.748 seconds (process running for 9.613)
2025-09-14 12:27:39,053 WARN s.s.c.u.FileMonitor [scheduling-1] not monitoring any directory, even the root directory itself: ./pipeline/watchedFolders
2025-09-14 12:27:39,056 INFO s.s.c.u.FileMonitor [scheduling-1] Registered directory: ./pipeline/watchedFolders
2025-09-14 12:27:39,061 INFO s.s.S.SPDFApplication [main] Stirling-PDF Started.
2025-09-14 12:27:39,061 INFO s.s.S.SPDFApplication [main] Navigate to http://localhost:8080/
2025-09-14 12:27:39,066 INFO s.s.c.s.TempFileCleanupService [scheduling-1] Running scheduled temporary file cleanup
2025-09-14 12:27:39,067 INFO s.s.c.u.TempFileManager [scheduling-1] Cleaned up 0 old temporary files
2025-09-14 12:27:39,068 INFO s.s.c.s.TempFileCleanupService [scheduling-1] Cleaned up 0 registered temporary files
2025-09-14 12:29:47,875 INFO s.s.S.SPDFApplication [main] Additional features in jar
2025-09-14 12:29:47,880 INFO s.s.c.c.ConfigInitializer [main] Current settings file line count: 198
2025-09-14 12:29:48,188 INFO s.s.c.c.ConfigInitializer [main] Settings file updated based on template changes.
2025-09-14 12:29:48,189 INFO s.s.S.SPDFApplication [main] Settings file: ./configs/settings.yml
2025-09-14 12:29:48,190 INFO s.s.S.SPDFApplication [main] Custom settings file: ./configs/custom_settings.yml
2025-09-14 12:29:48,523 INFO s.s.S.SPDFApplication [main] Starting SPDFApplication v1.3.2 using Java 21.0.8 with PID 38 (/app-security.jar started by stirlingpdfuser in /)
2025-09-14 12:29:48,524 INFO s.s.S.SPDFApplication [main] The following 1 profile is active: "security"
2025-09-14 12:29:51,067 INFO s.s.p.s.c.DatabaseConfig [main] Using default H2 database
2025-09-14 12:29:53,498 INFO s.s.p.s.s.KeyPersistenceService [main] Source directory does not exist: configs/db/keys
2025-09-14 12:29:54,003 INFO s.s.S.c.EndpointConfiguration [main] Disabled functional groups: enterprise
2025-09-14 12:29:54,003 INFO s.s.S.c.EndpointConfiguration [main] Total disabled endpoints: 1. Disabled endpoints: url-to-pdf
2025-09-14 12:29:54,162 INFO s.s.p.s.s.DatabaseService [main] Source directory does not exist: configs/db/backup
2025-09-14 12:29:54,267 INFO s.s.c.c.TempFileConfiguration [main] Created temporary directory: /tmp/stirling-pdf/stirling-pdf
2025-09-14 12:29:54,823 INFO s.s.c.u.FileMonitor [main] Monitoring directory: ./pipeline/watchedFolders
2025-09-14 12:29:55,134 INFO s.s.c.s.TempFileCleanupService [main] Created LibreOffice temp directory: /tmp/stirling-pdf/stirling-pdf/libreoffice
2025-09-14 12:29:55,135 INFO s.s.c.s.TempFileCleanupService [main] Running in Docker mode, using aggressive cleanup strategy
2025-09-14 12:29:55,137 INFO s.s.c.s.TempFileCleanupService [main] Startup cleanup complete. Deleted 0 temporary files/directories
2025-09-14 12:29:59,454 INFO s.s.c.s.JobQueue [main] Starting JobQueue lifecycle
2025-09-14 12:29:59,478 INFO s.s.S.SPDFApplication [main] Started SPDFApplication in 11.287 seconds (process running for 9.11)
2025-09-14 12:29:59,481 WARN s.s.c.u.FileMonitor [scheduling-1] not monitoring any directory, even the root directory itself: ./pipeline/watchedFolders
2025-09-14 12:29:59,484 INFO s.s.c.u.FileMonitor [scheduling-1] Registered directory: ./pipeline/watchedFolders
2025-09-14 12:29:59,488 INFO s.s.S.SPDFApplication [main] Stirling-PDF Started.
2025-09-14 12:29:59,489 INFO s.s.S.SPDFApplication [main] Navigate to http://localhost:8080/
2025-09-14 12:29:59,493 INFO s.s.c.s.TempFileCleanupService [scheduling-1] Running scheduled temporary file cleanup
2025-09-14 12:29:59,494 INFO s.s.c.u.TempFileManager [scheduling-1] Cleaned up 0 old temporary files
2025-09-14 12:29:59,494 INFO s.s.c.s.TempFileCleanupService [scheduling-1] Cleaned up 0 registered temporary files
2025-09-14 12:30:56,437 INFO s.s.S.SPDFApplication [main] Additional features in jar
2025-09-14 12:30:56,442 INFO s.s.c.c.ConfigInitializer [main] Current settings file line count: 198
2025-09-14 12:30:56,799 INFO s.s.c.c.ConfigInitializer [main] Settings file updated based on template changes.
2025-09-14 12:30:56,800 INFO s.s.S.SPDFApplication [main] Settings file: ./configs/settings.yml
2025-09-14 12:30:56,801 INFO s.s.S.SPDFApplication [main] Custom settings file: ./configs/custom_settings.yml
2025-09-14 12:30:57,186 INFO s.s.S.SPDFApplication [main] Starting SPDFApplication v1.3.2 using Java 21.0.8 with PID 24 (/app-security.jar started by stirlingpdfuser in /)
2025-09-14 12:30:57,191 INFO s.s.S.SPDFApplication [main] The following 1 profile is active: "security"
2025-09-14 12:30:59,976 INFO s.s.p.s.c.DatabaseConfig [main] Using default H2 database
2025-09-14 12:31:05,296 INFO s.s.p.s.s.KeyPersistenceService [main] Source directory does not exist: configs/db/keys
2025-09-14 12:31:05,700 INFO s.s.S.c.EndpointConfiguration [main] Disabled functional groups: enterprise
2025-09-14 12:31:05,701 INFO s.s.S.c.EndpointConfiguration [main] Total disabled endpoints: 1. Disabled endpoints: url-to-pdf
2025-09-14 12:31:05,914 INFO s.s.p.s.s.DatabaseService [main] Source directory does not exist: configs/db/backup
2025-09-14 12:31:06,432 INFO s.s.c.u.FileMonitor [main] Monitoring directory: ./pipeline/watchedFolders
2025-09-14 12:31:06,684 INFO s.s.c.s.TempFileCleanupService [main] Running in Docker mode, using aggressive cleanup strategy
2025-09-14 12:31:06,687 INFO s.s.c.s.TempFileCleanupService [main] Startup cleanup complete. Deleted 0 temporary files/directories
2025-09-14 12:31:07,994 INFO s.s.c.s.JobQueue [main] Starting JobQueue lifecycle
2025-09-14 12:31:08,029 INFO s.s.S.SPDFApplication [main] Started SPDFApplication in 11.226 seconds (process running for 9.203)
2025-09-14 12:31:08,032 WARN s.s.c.u.FileMonitor [scheduling-1] not monitoring any directory, even the root directory itself: ./pipeline/watchedFolders
2025-09-14 12:31:08,035 INFO s.s.c.u.FileMonitor [scheduling-1] Registered directory: ./pipeline/watchedFolders
2025-09-14 12:31:08,039 INFO s.s.S.SPDFApplication [main] Stirling-PDF Started.
2025-09-14 12:31:08,040 INFO s.s.S.SPDFApplication [main] Navigate to http://localhost:8080/
2025-09-14 12:31:08,044 INFO s.s.c.s.TempFileCleanupService [scheduling-1] Running scheduled temporary file cleanup
2025-09-14 12:31:08,045 INFO s.s.c.u.TempFileManager [scheduling-1] Cleaned up 0 old temporary files
2025-09-14 12:31:08,045 INFO s.s.c.s.TempFileCleanupService [scheduling-1] Cleaned up 0 registered temporary files
2025-09-14 12:31:18,311 INFO s.s.S.SPDFApplication [main] Additional features in jar
2025-09-14 12:31:18,317 INFO s.s.c.c.ConfigInitializer [main] Current settings file line count: 198
2025-09-14 12:31:18,677 INFO s.s.c.c.ConfigInitializer [main] Settings file updated based on template changes.
2025-09-14 12:31:18,678 INFO s.s.S.SPDFApplication [main] Settings file: ./configs/settings.yml
2025-09-14 12:31:18,679 INFO s.s.S.SPDFApplication [main] Custom settings file: ./configs/custom_settings.yml
2025-09-14 12:31:19,035 INFO s.s.S.SPDFApplication [main] Starting SPDFApplication v1.3.2 using Java 21.0.8 with PID 24 (/app-security.jar started by stirlingpdfuser in /)
2025-09-14 12:31:19,036 INFO s.s.S.SPDFApplication [main] The following 1 profile is active: "security"
2025-09-14 12:31:21,666 INFO s.s.p.s.c.DatabaseConfig [main] Using default H2 database
2025-09-14 12:31:24,034 INFO s.s.p.s.s.KeyPersistenceService [main] Source directory does not exist: configs/db/keys
2025-09-14 12:31:24,463 INFO s.s.S.c.EndpointConfiguration [main] Disabled functional groups: enterprise
2025-09-14 12:31:24,463 INFO s.s.S.c.EndpointConfiguration [main] Total disabled endpoints: 1. Disabled endpoints: url-to-pdf
2025-09-14 12:31:24,655 INFO s.s.p.s.s.DatabaseService [main] Source directory does not exist: configs/db/backup
2025-09-14 12:31:25,235 INFO s.s.c.u.FileMonitor [main] Monitoring directory: ./pipeline/watchedFolders
2025-09-14 12:31:25,493 INFO s.s.c.s.TempFileCleanupService [main] Running in Docker mode, using aggressive cleanup strategy
2025-09-14 12:31:25,495 INFO s.s.c.s.TempFileCleanupService [main] Startup cleanup complete. Deleted 0 temporary files/directories
2025-09-14 12:31:26,728 INFO s.s.c.s.JobQueue [main] Starting JobQueue lifecycle
2025-09-14 12:31:26,764 INFO s.s.S.SPDFApplication [main] Started SPDFApplication in 8.082 seconds (process running for 8.991)
2025-09-14 12:31:26,766 WARN s.s.c.u.FileMonitor [scheduling-1] not monitoring any directory, even the root directory itself: ./pipeline/watchedFolders
2025-09-14 12:31:26,769 INFO s.s.c.u.FileMonitor [scheduling-1] Registered directory: ./pipeline/watchedFolders
2025-09-14 12:31:26,775 INFO s.s.S.SPDFApplication [main] Stirling-PDF Started.
2025-09-14 12:31:26,775 INFO s.s.S.SPDFApplication [main] Navigate to http://localhost:8080/
2025-09-14 12:31:26,781 INFO s.s.c.s.TempFileCleanupService [scheduling-1] Running scheduled temporary file cleanup
2025-09-14 12:31:26,782 INFO s.s.c.u.TempFileManager [scheduling-1] Cleaned up 0 old temporary files
2025-09-14 12:31:26,782 INFO s.s.c.s.TempFileCleanupService [scheduling-1] Cleaned up 0 registered temporary files
2025-09-14 12:46:41,004 INFO s.s.S.SPDFApplication [main] Additional features in jar
2025-09-14 12:46:41,010 INFO s.s.c.c.ConfigInitializer [main] Current settings file line count: 198
2025-09-14 12:46:41,338 INFO s.s.c.c.ConfigInitializer [main] Settings file updated based on template changes.
2025-09-14 12:46:41,339 INFO s.s.S.SPDFApplication [main] Settings file: ./configs/settings.yml
2025-09-14 12:46:41,339 INFO s.s.S.SPDFApplication [main] Custom settings file: ./configs/custom_settings.yml
2025-09-14 12:46:41,730 INFO s.s.S.SPDFApplication [main] Starting SPDFApplication v1.3.2 using Java 21.0.8 with PID 38 (/app-security.jar started by stirlingpdfuser in /)
2025-09-14 12:46:41,731 INFO s.s.S.SPDFApplication [main] The following 1 profile is active: "security"
2025-09-14 12:46:44,388 INFO s.s.p.s.c.DatabaseConfig [main] Using default H2 database
2025-09-14 12:46:46,857 INFO s.s.p.s.s.KeyPersistenceService [main] Source directory does not exist: configs/db/keys
2025-09-14 12:46:47,389 INFO s.s.S.c.EndpointConfiguration [main] Disabled functional groups: enterprise
2025-09-14 12:46:47,389 INFO s.s.S.c.EndpointConfiguration [main] Total disabled endpoints: 1. Disabled endpoints: url-to-pdf
2025-09-14 12:46:47,573 INFO s.s.p.s.s.DatabaseService [main] Source directory does not exist: configs/db/backup
2025-09-14 12:46:47,669 INFO s.s.c.c.TempFileConfiguration [main] Created temporary directory: /tmp/stirling-pdf/stirling-pdf
2025-09-14 12:46:48,172 INFO s.s.c.u.FileMonitor [main] Monitoring directory: ./pipeline/watchedFolders
2025-09-14 12:46:48,418 INFO s.s.c.s.TempFileCleanupService [main] Created LibreOffice temp directory: /tmp/stirling-pdf/stirling-pdf/libreoffice
2025-09-14 12:46:48,418 INFO s.s.c.s.TempFileCleanupService [main] Running in Docker mode, using aggressive cleanup strategy
2025-09-14 12:46:48,420 INFO s.s.c.s.TempFileCleanupService [main] Startup cleanup complete. Deleted 0 temporary files/directories
2025-09-14 12:46:49,728 INFO s.s.c.s.JobQueue [main] Starting JobQueue lifecycle
2025-09-14 12:46:49,758 INFO s.s.S.SPDFApplication [main] Started SPDFApplication in 8.416 seconds (process running for 9.275)
2025-09-14 12:46:49,760 WARN s.s.c.u.FileMonitor [scheduling-1] not monitoring any directory, even the root directory itself: ./pipeline/watchedFolders
2025-09-14 12:46:49,763 INFO s.s.c.u.FileMonitor [scheduling-1] Registered directory: ./pipeline/watchedFolders
2025-09-14 12:46:49,770 INFO s.s.S.SPDFApplication [main] Stirling-PDF Started.
2025-09-14 12:46:49,770 INFO s.s.S.SPDFApplication [main] Navigate to http://localhost:8080/
2025-09-14 12:46:49,774 INFO s.s.c.s.TempFileCleanupService [scheduling-1] Running scheduled temporary file cleanup
2025-09-14 12:46:49,775 INFO s.s.c.u.TempFileManager [scheduling-1] Cleaned up 0 old temporary files
2025-09-14 12:46:49,775 INFO s.s.c.s.TempFileCleanupService [scheduling-1] Cleaned up 0 registered temporary files
2025-09-14 13:18:36,633 INFO s.s.S.SPDFApplication [main] Additional features in jar
2025-09-14 13:18:36,639 INFO s.s.c.c.ConfigInitializer [main] Current settings file line count: 198
2025-09-14 13:18:36,979 INFO s.s.c.c.ConfigInitializer [main] Settings file updated based on template changes.
2025-09-14 13:18:36,981 INFO s.s.S.SPDFApplication [main] Settings file: ./configs/settings.yml
2025-09-14 13:18:36,982 INFO s.s.S.SPDFApplication [main] Custom settings file: ./configs/custom_settings.yml
2025-09-14 13:18:37,390 INFO s.s.S.SPDFApplication [main] Starting SPDFApplication v1.3.2 using Java 21.0.8 with PID 38 (/app-security.jar started by stirlingpdfuser in /)
2025-09-14 13:18:37,391 INFO s.s.S.SPDFApplication [main] The following 1 profile is active: "security"
2025-09-14 13:18:43,092 INFO s.s.p.s.c.DatabaseConfig [main] Using default H2 database
2025-09-14 13:18:45,728 INFO s.s.p.s.s.KeyPersistenceService [main] Source directory does not exist: configs/db/keys
2025-09-14 13:18:46,460 INFO s.s.S.c.EndpointConfiguration [main] Disabled functional groups: enterprise
2025-09-14 13:18:46,460 INFO s.s.S.c.EndpointConfiguration [main] Total disabled endpoints: 1. Disabled endpoints: url-to-pdf
2025-09-14 13:18:46,695 INFO s.s.p.s.s.DatabaseService [main] Source directory does not exist: configs/db/backup
2025-09-14 13:18:46,800 INFO s.s.c.c.TempFileConfiguration [main] Created temporary directory: /tmp/stirling-pdf/stirling-pdf
2025-09-14 13:18:47,416 INFO s.s.c.u.FileMonitor [main] Monitoring directory: ./pipeline/watchedFolders
2025-09-14 13:18:47,704 INFO s.s.c.s.TempFileCleanupService [main] Created LibreOffice temp directory: /tmp/stirling-pdf/stirling-pdf/libreoffice
2025-09-14 13:18:47,707 INFO s.s.c.s.TempFileCleanupService [main] Running in Docker mode, using aggressive cleanup strategy
2025-09-14 13:18:47,709 INFO s.s.c.s.TempFileCleanupService [main] Startup cleanup complete. Deleted 0 temporary files/directories
2025-09-14 13:18:49,063 INFO s.s.c.s.JobQueue [main] Starting JobQueue lifecycle
2025-09-14 13:18:49,097 INFO s.s.S.SPDFApplication [main] Started SPDFApplication in 12.113 seconds (process running for 10.174)
2025-09-14 13:18:49,099 WARN s.s.c.u.FileMonitor [scheduling-1] not monitoring any directory, even the root directory itself: ./pipeline/watchedFolders
2025-09-14 13:18:49,102 INFO s.s.c.u.FileMonitor [scheduling-1] Registered directory: ./pipeline/watchedFolders
2025-09-14 13:18:49,109 INFO s.s.S.SPDFApplication [main] Stirling-PDF Started.
2025-09-14 13:18:49,109 INFO s.s.S.SPDFApplication [main] Navigate to http://localhost:8080/
2025-09-14 13:18:49,112 INFO s.s.c.s.TempFileCleanupService [scheduling-1] Running scheduled temporary file cleanup
2025-09-14 13:18:49,113 INFO s.s.c.u.TempFileManager [scheduling-1] Cleaned up 0 old temporary files
2025-09-14 13:18:49,113 INFO s.s.c.s.TempFileCleanupService [scheduling-1] Cleaned up 0 registered temporary files
2025-09-14 13:35:25,390 INFO s.s.S.SPDFApplication [main] Additional features in jar
2025-09-14 13:35:25,399 INFO s.s.c.c.ConfigInitializer [main] Current settings file line count: 198
2025-09-14 13:35:25,772 INFO s.s.c.c.ConfigInitializer [main] Settings file updated based on template changes.
2025-09-14 13:35:25,773 INFO s.s.S.SPDFApplication [main] Settings file: ./configs/settings.yml
2025-09-14 13:35:25,774 INFO s.s.S.SPDFApplication [main] Custom settings file: ./configs/custom_settings.yml
2025-09-14 13:35:26,214 INFO s.s.S.SPDFApplication [main] Starting SPDFApplication v1.3.2 using Java 21.0.8 with PID 38 (/app-security.jar started by stirlingpdfuser in /)
2025-09-14 13:35:26,215 INFO s.s.S.SPDFApplication [main] The following 1 profile is active: "security"
2025-09-14 13:35:29,331 INFO s.s.p.s.c.DatabaseConfig [main] Using default H2 database
2025-09-14 13:35:32,127 INFO s.s.p.s.s.KeyPersistenceService [main] Source directory does not exist: configs/db/keys
2025-09-14 13:35:32,724 INFO s.s.S.c.EndpointConfiguration [main] Disabled functional groups: enterprise
2025-09-14 13:35:32,724 INFO s.s.S.c.EndpointConfiguration [main] Total disabled endpoints: 1. Disabled endpoints: url-to-pdf
2025-09-14 13:35:32,925 INFO s.s.p.s.s.DatabaseService [main] Source directory does not exist: configs/db/backup
2025-09-14 13:35:33,018 INFO s.s.c.c.TempFileConfiguration [main] Created temporary directory: /tmp/stirling-pdf/stirling-pdf
2025-09-14 13:35:33,496 INFO s.s.c.u.FileMonitor [main] Monitoring directory: ./pipeline/watchedFolders
2025-09-14 13:35:33,753 INFO s.s.c.s.TempFileCleanupService [main] Created LibreOffice temp directory: /tmp/stirling-pdf/stirling-pdf/libreoffice
2025-09-14 13:35:33,753 INFO s.s.c.s.TempFileCleanupService [main] Running in Docker mode, using aggressive cleanup strategy
2025-09-14 13:35:33,755 INFO s.s.c.s.TempFileCleanupService [main] Startup cleanup complete. Deleted 0 temporary files/directories
2025-09-14 13:35:34,983 INFO s.s.c.s.JobQueue [main] Starting JobQueue lifecycle
2025-09-14 13:35:35,007 INFO s.s.S.SPDFApplication [main] Started SPDFApplication in 9.231 seconds (process running for 10.237)
2025-09-14 13:35:35,009 WARN s.s.c.u.FileMonitor [scheduling-1] not monitoring any directory, even the root directory itself: ./pipeline/watchedFolders
2025-09-14 13:35:35,012 INFO s.s.c.u.FileMonitor [scheduling-1] Registered directory: ./pipeline/watchedFolders
2025-09-14 13:35:35,017 INFO s.s.S.SPDFApplication [main] Stirling-PDF Started.
2025-09-14 13:35:35,017 INFO s.s.S.SPDFApplication [main] Navigate to http://localhost:8080/
2025-09-14 13:35:35,021 INFO s.s.c.s.TempFileCleanupService [scheduling-1] Running scheduled temporary file cleanup
2025-09-14 13:35:35,021 INFO s.s.c.u.TempFileManager [scheduling-1] Cleaned up 0 old temporary files
2025-09-14 13:35:35,021 INFO s.s.c.s.TempFileCleanupService [scheduling-1] Cleaned up 0 registered temporary files
2025-09-14 14:08:20,978 INFO s.s.c.s.TempFileCleanupService [scheduling-1] Running scheduled temporary file cleanup
2025-09-14 14:08:20,980 INFO s.s.c.u.TempFileManager [scheduling-1] Cleaned up 0 old temporary files
2025-09-14 14:08:20,980 INFO s.s.c.s.TempFileCleanupService [scheduling-1] Cleaned up 0 registered temporary files
2025-09-14 14:37:15,598 INFO s.s.S.SPDFApplication [main] Additional features in jar
2025-09-14 14:37:15,604 INFO s.s.c.c.ConfigInitializer [main] Current settings file line count: 198
2025-09-14 14:37:15,961 INFO s.s.c.c.ConfigInitializer [main] Settings file updated based on template changes.
2025-09-14 14:37:15,962 INFO s.s.S.SPDFApplication [main] Settings file: ./configs/settings.yml
2025-09-14 14:37:15,963 INFO s.s.S.SPDFApplication [main] Custom settings file: ./configs/custom_settings.yml
2025-09-14 14:37:16,339 INFO s.s.S.SPDFApplication [main] Starting SPDFApplication v1.3.2 using Java 21.0.8 with PID 44 (/app-security.jar started by stirlingpdfuser in /)
2025-09-14 14:37:16,340 INFO s.s.S.SPDFApplication [main] The following 1 profile is active: "security"
2025-09-14 14:37:21,945 INFO s.s.p.s.c.DatabaseConfig [main] Using default H2 database
2025-09-14 14:37:24,551 INFO s.s.p.s.s.KeyPersistenceService [main] Source directory does not exist: configs/db/keys
2025-09-14 14:37:25,227 INFO s.s.S.c.EndpointConfiguration [main] Disabled functional groups: enterprise
2025-09-14 14:37:25,227 INFO s.s.S.c.EndpointConfiguration [main] Total disabled endpoints: 1. Disabled endpoints: url-to-pdf
2025-09-14 14:37:25,388 INFO s.s.p.s.s.DatabaseService [main] Source directory does not exist: configs/db/backup
2025-09-14 14:37:25,478 INFO s.s.c.c.TempFileConfiguration [main] Created temporary directory: /tmp/stirling-pdf/stirling-pdf
2025-09-14 14:37:25,984 INFO s.s.c.u.FileMonitor [main] Monitoring directory: ./pipeline/watchedFolders
2025-09-14 14:37:26,282 INFO s.s.c.s.TempFileCleanupService [main] Created LibreOffice temp directory: /tmp/stirling-pdf/stirling-pdf/libreoffice
2025-09-14 14:37:26,283 INFO s.s.c.s.TempFileCleanupService [main] Running in Docker mode, using aggressive cleanup strategy
2025-09-14 14:37:26,285 INFO s.s.c.s.TempFileCleanupService [main] Startup cleanup complete. Deleted 0 temporary files/directories
2025-09-14 14:37:27,500 INFO s.s.c.s.JobQueue [main] Starting JobQueue lifecycle
2025-09-14 14:37:27,524 INFO s.s.S.SPDFApplication [main] Started SPDFApplication in 11.559 seconds (process running for 9.857)
2025-09-14 14:37:27,526 WARN s.s.c.u.FileMonitor [scheduling-1] not monitoring any directory, even the root directory itself: ./pipeline/watchedFolders
2025-09-14 14:37:27,529 INFO s.s.c.u.FileMonitor [scheduling-1] Registered directory: ./pipeline/watchedFolders
2025-09-14 14:37:27,533 INFO s.s.S.SPDFApplication [main] Stirling-PDF Started.
2025-09-14 14:37:27,534 INFO s.s.S.SPDFApplication [main] Navigate to http://localhost:8080/
2025-09-14 14:37:27,538 INFO s.s.c.s.TempFileCleanupService [scheduling-1] Running scheduled temporary file cleanup
2025-09-14 14:37:27,538 INFO s.s.c.u.TempFileManager [scheduling-1] Cleaned up 0 old temporary files
2025-09-14 14:37:27,539 INFO s.s.c.s.TempFileCleanupService [scheduling-1] Cleaned up 0 registered temporary files
2025-09-14 14:43:35,228 INFO s.s.S.SPDFApplication [main] Additional features in jar
2025-09-14 14:43:35,233 INFO s.s.c.c.ConfigInitializer [main] Current settings file line count: 198
2025-09-14 14:43:35,557 INFO s.s.c.c.ConfigInitializer [main] Settings file updated based on template changes.
2025-09-14 14:43:35,558 INFO s.s.S.SPDFApplication [main] Settings file: ./configs/settings.yml
2025-09-14 14:43:35,559 INFO s.s.S.SPDFApplication [main] Custom settings file: ./configs/custom_settings.yml
2025-09-14 14:43:35,905 INFO s.s.S.SPDFApplication [main] Starting SPDFApplication v1.3.2 using Java 21.0.8 with PID 38 (/app-security.jar started by stirlingpdfuser in /)
2025-09-14 14:43:35,905 INFO s.s.S.SPDFApplication [main] The following 1 profile is active: "security"
2025-09-14 14:43:38,598 INFO s.s.p.s.c.DatabaseConfig [main] Using default H2 database
2025-09-14 14:43:41,064 INFO s.s.p.s.s.KeyPersistenceService [main] Source directory does not exist: configs/db/keys
2025-09-14 14:43:41,497 INFO s.s.S.c.EndpointConfiguration [main] Disabled functional groups: enterprise
2025-09-14 14:43:41,497 INFO s.s.S.c.EndpointConfiguration [main] Total disabled endpoints: 1. Disabled endpoints: url-to-pdf
2025-09-14 14:43:41,660 INFO s.s.p.s.s.DatabaseService [main] Source directory does not exist: configs/db/backup
2025-09-14 14:43:41,776 INFO s.s.c.c.TempFileConfiguration [main] Created temporary directory: /tmp/stirling-pdf/stirling-pdf
2025-09-14 14:43:42,263 INFO s.s.c.u.FileMonitor [main] Monitoring directory: ./pipeline/watchedFolders
2025-09-14 14:43:42,530 INFO s.s.c.s.TempFileCleanupService [main] Created LibreOffice temp directory: /tmp/stirling-pdf/stirling-pdf/libreoffice
2025-09-14 14:43:42,530 INFO s.s.c.s.TempFileCleanupService [main] Running in Docker mode, using aggressive cleanup strategy
2025-09-14 14:43:42,533 INFO s.s.c.s.TempFileCleanupService [main] Startup cleanup complete. Deleted 0 temporary files/directories
2025-09-14 14:43:43,822 INFO s.s.c.s.JobQueue [main] Starting JobQueue lifecycle
2025-09-14 14:43:43,848 INFO s.s.S.SPDFApplication [main] Started SPDFApplication in 8.286 seconds (process running for 9.192)
2025-09-14 14:43:43,850 WARN s.s.c.u.FileMonitor [scheduling-1] not monitoring any directory, even the root directory itself: ./pipeline/watchedFolders
2025-09-14 14:43:43,853 INFO s.s.c.u.FileMonitor [scheduling-1] Registered directory: ./pipeline/watchedFolders
2025-09-14 14:43:43,858 INFO s.s.S.SPDFApplication [main] Stirling-PDF Started.
2025-09-14 14:43:43,858 INFO s.s.S.SPDFApplication [main] Navigate to http://localhost:8080/
2025-09-14 14:43:43,862 INFO s.s.c.s.TempFileCleanupService [scheduling-1] Running scheduled temporary file cleanup
2025-09-14 14:43:43,863 INFO s.s.c.u.TempFileManager [scheduling-1] Cleaned up 0 old temporary files
2025-09-14 14:43:43,863 INFO s.s.c.s.TempFileCleanupService [scheduling-1] Cleaned up 0 registered temporary files
